<?xml version="1.0" encoding="UTF-8"?>
<!-- Generated by org.testng.reporters.JUnitReportReporter -->
<testsuite skipped="0" hostname="dell" name="testng.DataProviderDemo" tests="3" failures="0" timestamp="29 May 2019 01:24:25 GMT" time="0.046" errors="0">
  <testcase name="testLogin" time="0.035" classname="testng.DataProviderDemo"/>
  <testcase name="testLogin" time="0.006" classname="testng.DataProviderDemo"/>
  <testcase name="testLogin" time="0.005" classname="testng.DataProviderDemo"/>
</testsuite> <!-- testng.DataProviderDemo -->
