<?xml version="1.0" encoding="UTF-8"?>
<!-- Generated by org.testng.reporters.JUnitReportReporter -->
<testsuite skipped="0" hostname="dell" name="testng.BaseTestngAnnotations" tests="1" failures="0" timestamp="29 May 2019 03:42:55 GMT" time="0.017" errors="0">
  <testcase name="f" time="0.017" classname="testng.BaseTestngAnnotations"/>
</testsuite> <!-- testng.BaseTestngAnnotations -->
