<?xml version="1.0" encoding="UTF-8"?>
<!-- Generated by org.testng.reporters.JUnitReportReporter -->
<testsuite hostname="dell" name="ModelWiseExecutionDemo" tests="4" failures="0" timestamp="18 Jun 2019 15:47:00 GMT" time="0.069" errors="0">
  <testcase name="deleteUser" time="0.009" classname="ModelWiseExecutionDemo"/>
  <testcase name="createUser" time="0.005" classname="ModelWiseExecutionDemo"/>
  <testcase name="editUser" time="0.006" classname="ModelWiseExecutionDemo"/>
  <testcase name="createProduct" time="0.049" classname="ModelWiseExecutionDemo"/>
</testsuite> <!-- ModelWiseExecutionDemo -->
